<?xml version="1.0" encoding="UTF-8"?>
<!-- Generated by org.testng.reporters.JUnitXMLReporter -->
<testsuite hostname="DIKU-BLR-01" ignored="0" name="Test Mobile Native App Flow" tests="4" failures="0" timestamp="26 Oct 2020 17:59:58 GMT" time="189.841" errors="0">
  <testcase name="testExistMobUserLogin" time="17.445" classname="com.mindtree.AppiumInternalAssessment.TestMobileAppTestCases"/>
  <testcase name="testMobUserRegistration" time="20.282" classname="com.mindtree.AppiumInternalAssessment.TestMobileAppTestCases"/>
  <testcase name="testMobileUpdateProfile" time="41.449" classname="com.mindtree.AppiumInternalAssessment.TestMobileAppTestCases"/>
  <testcase name="testMobileChangePassword" time="62.738" classname="com.mindtree.AppiumInternalAssessment.TestMobileAppTestCases"/>
</testsuite> <!-- Test Mobile Native App Flow -->
