<?xml version="1.0" encoding="UTF-8"?>
<!-- Generated by org.testng.reporters.JUnitXMLReporter -->
<testsuite hostname="DIKU-BLR-01" ignored="0" name="Test Mobile Web App Flow" tests="4" failures="0" timestamp="26 Oct 2020 18:02:21 GMT" time="142.784" errors="0">
  <testcase name="testMobWebExistingUserLogin" time="16.607" classname="com.mindtree.AppiumInternalAssessment.TestMobileWebApTestCases"/>
  <testcase name="testMobWebUserRegistration" time="25.39" classname="com.mindtree.AppiumInternalAssessment.TestMobileWebApTestCases"/>
  <testcase name="testMobWebEditProfile" time="30.959" classname="com.mindtree.AppiumInternalAssessment.TestMobileWebApTestCases"/>
  <testcase name="testMobWebSearchAddWishlist" time="29.752" classname="com.mindtree.AppiumInternalAssessment.TestMobileWebApTestCases"/>
</testsuite> <!-- Test Mobile Web App Flow -->
