<?xml version="1.0" encoding="UTF-8"?>
<!-- Generated by org.testng.reporters.JUnitXMLReporter -->
<testsuite hostname="DIKU-BLR-01" ignored="0" name="Test Mobile Native App Flow" tests="4" failures="0" timestamp="25 Oct 2020 15:43:38 GMT" time="141.483" errors="0">
  <testcase name="testExistMobUserLogin" time="14.947" classname="com.mindtree.AppiumInternalAssessment.TestMobileAppTestCases"/>
  <testcase name="testMobUserRegistration" time="17.424" classname="com.mindtree.AppiumInternalAssessment.TestMobileAppTestCases"/>
  <testcase name="testMobileUpdateProfile" time="33.304" classname="com.mindtree.AppiumInternalAssessment.TestMobileAppTestCases"/>
  <testcase name="testMobileChangePassword" time="0.008" classname="com.mindtree.AppiumInternalAssessment.TestMobileAppTestCases">
    <skipped/>
  </testcase> <!-- testMobileChangePassword -->
</testsuite> <!-- Test Mobile Native App Flow -->
